#
# There is insufficient memory for the Java Runtime Environment to continue.
# Native memory allocation (mmap) failed to map 266338304 bytes for G1 virtual space
# Possible reasons:
#   The system is out of physical RAM or swap space
#   The process is running with CompressedOops enabled, and the Java Heap may be blocking the growth of the native heap
# Possible solutions:
#   Reduce memory load on the system
#   Increase physical memory or swap space
#   Check if swap backing store is full
#   Decrease Java heap size (-Xmx/-Xms)
#   Decrease number of Java threads
#   Decrease Java thread stack sizes (-Xss)
#   Set larger code cache with -XX:ReservedCodeCacheSize=
#   JVM is running with Zero Based Compressed Oops mode in which the Java heap is
#     placed in the first 32GB address space. The Java Heap base address is the
#     maximum limit for the native heap growth. Please use -XX:HeapBaseMinAddress
#     to set the Java Heap base and to place the Java Heap above 32GB virtual address.
# This output file may be truncated or incomplete.
#
#  Out of Memory Error (os_windows.cpp:3769), pid=18192, tid=14276
#
# JRE version:  (17.0.6) (build )
# Java VM: OpenJDK 64-Bit Server VM (17.0.6+0-b2043.56-10027231, mixed mode, sharing, tiered, compressed oops, compressed class ptrs, g1 gc, windows-amd64)
# No core dump will be written. Minidumps are not enabled by default on client versions of Windows
#

---------------  S U M M A R Y ------------

Command Line: git4idea.http.GitAskPassApp Username for 'https://github.com': 

Host: Intel(R) Core(TM) i5-10500H CPU @ 2.50GHz, 12 cores, 15G,  Windows 11 , 64 bit Build 22621 (10.0.22621.2506)
Time: Sat Nov 25 23:00:52 2023 SE Asia Standard Time elapsed time: 0.009721 seconds (0d 0h 0m 0s)

---------------  T H R E A D  ---------------

Current thread (0x000001f58b1bb120):  JavaThread "Unknown thread" [_thread_in_vm, id=14276, stack(0x00000040ecb00000,0x00000040ecc00000)]

Stack: [0x00000040ecb00000,0x00000040ecc00000]
Native frames: (J=compiled Java code, j=interpreted, Vv=VM code, C=native code)
V  [jvm.dll+0x683c9a]
V  [jvm.dll+0x8427a4]
V  [jvm.dll+0x843f9e]
V  [jvm.dll+0x844603]
V  [jvm.dll+0x249b75]
V  [jvm.dll+0x680b69]
V  [jvm.dll+0x67505a]
V  [jvm.dll+0x309acb]
V  [jvm.dll+0x310f86]
V  [jvm.dll+0x3608ee]
V  [jvm.dll+0x360b1f]
V  [jvm.dll+0x2dfbf8]
V  [jvm.dll+0x2e0b64]
V  [jvm.dll+0x814091]
V  [jvm.dll+0x36e6a1]
V  [jvm.dll+0x7f35cc]
V  [jvm.dll+0x3f0e8f]
V  [jvm.dll+0x3f29d1]
C  [jli.dll+0x526b]
C  [ucrtbase.dll+0x29363]
C  [KERNEL32.DLL+0x1257d]
C  [ntdll.dll+0x5aa58]


---------------  P R O C E S S  ---------------

Threads class SMR info:
_java_thread_list=0x00007ff9836bc058, length=0, elements={
}

Java Threads: ( => current thread )

Other Threads:
  0x000001f58b226e60 GCTaskThread "GC Thread#0" [stack: 0x00000040ecc00000,0x00000040ecd00000] [id=5900]
  0x000001f58b237ae0 ConcurrentGCThread "G1 Main Marker" [stack: 0x00000040ecd00000,0x00000040ece00000] [id=24464]
  0x000001f58b2384f0 ConcurrentGCThread "G1 Conc#0" [stack: 0x00000040ece00000,0x00000040ecf00000] [id=16696]

[error occurred during error reporting (printing all threads), id 0xc0000005, EXCEPTION_ACCESS_VIOLATION (0xc0000005) at pc=0x00007ff982e70797]

VM state: not at safepoint (not fully initialized)

VM Mutex/Monitor currently owned by a thread:  ([mutex/lock_event])
[0x000001f58b1b6c50] Heap_lock - owner thread: 0x000001f58b1bb120

Heap address: 0x0000000702c00000, size: 4052 MB, Compressed Oops mode: Zero based, Oop shift amount: 3

CDS archive(s) mapped at: [0x0000000000000000-0x0000000000000000-0x0000000000000000), size 0, SharedBaseAddress: 0x0000000800000000, ArchiveRelocationMode: 0.
Narrow klass base: 0x0000000000000000, Narrow klass shift: 0, Narrow klass range: 0x0

GC Precious Log:
<Empty>

Heap:
 garbage-first heap   total 0K, used 0K [0x0000000702c00000, 0x0000000800000000)
  region size 2048K, 0 young (0K), 0 survivors (0K)

[error occurred during error reporting (printing heap information), id 0xc0000005, EXCEPTION_ACCESS_VIOLATION (0xc0000005) at pc=0x00007ff98325da89]

GC Heap History (0 events):
No events

Dll operation events (1 events):
Event: 0.006 Loaded shared library C:\Program Files\Android\Android Studio\jbr\bin\java.dll

Deoptimization events (0 events):
No events

Classes unloaded (0 events):
No events

Classes redefined (0 events):
No events

Internal exceptions (0 events):
No events

VM Operations (0 events):
No events

Events (0 events):
No events


Dynamic libraries:
0x00007ff602a70000 - 0x00007ff602a7a000 	C:\Program Files\Android\Android Studio\jbr\bin\java.exe
0x00007ffa54770000 - 0x00007ffa54987000 	C:\WINDOWS\SYSTEM32\ntdll.dll
0x00007ffa52930000 - 0x00007ffa529f4000 	C:\WINDOWS\System32\KERNEL32.DLL
0x00007ffa51bb0000 - 0x00007ffa51f55000 	C:\WINDOWS\System32\KERNELBASE.dll
0x00007ffa523a0000 - 0x00007ffa524b1000 	C:\WINDOWS\System32\ucrtbase.dll
0x00007ffa0c730000 - 0x00007ffa0c747000 	C:\Program Files\Android\Android Studio\jbr\bin\jli.dll
0x00007ff9f5170000 - 0x00007ff9f518b000 	C:\Program Files\Android\Android Studio\jbr\bin\VCRUNTIME140.dll
0x00007ffa534f0000 - 0x00007ffa5369e000 	C:\WINDOWS\System32\USER32.dll
0x00007ffa37710000 - 0x00007ffa379a3000 	C:\WINDOWS\WinSxS\amd64_microsoft.windows.common-controls_6595b64144ccf1df_6.0.22621.2506_none_270c5ae97388e100\COMCTL32.dll
0x00007ffa51ae0000 - 0x00007ffa51b06000 	C:\WINDOWS\System32\win32u.dll
0x00007ffa542f0000 - 0x00007ffa54397000 	C:\WINDOWS\System32\msvcrt.dll
0x00007ffa53220000 - 0x00007ffa53249000 	C:\WINDOWS\System32\GDI32.dll
0x00007ffa52200000 - 0x00007ffa52319000 	C:\WINDOWS\System32\gdi32full.dll
0x00007ffa51b10000 - 0x00007ffa51baa000 	C:\WINDOWS\System32\msvcp_win.dll
0x00007ffa52c00000 - 0x00007ffa52c31000 	C:\WINDOWS\System32\IMM32.DLL
0x00007ffa10240000 - 0x00007ffa1024c000 	C:\Program Files\Android\Android Studio\jbr\bin\vcruntime140_1.dll
0x00007ff9853b0000 - 0x00007ff98543d000 	C:\Program Files\Android\Android Studio\jbr\bin\msvcp140.dll
0x00007ff982b80000 - 0x00007ff9837ee000 	C:\Program Files\Android\Android Studio\jbr\bin\server\jvm.dll
0x00007ffa52870000 - 0x00007ffa52921000 	C:\WINDOWS\System32\ADVAPI32.dll
0x00007ffa52750000 - 0x00007ffa527f6000 	C:\WINDOWS\System32\sechost.dll
0x00007ffa53250000 - 0x00007ffa53367000 	C:\WINDOWS\System32\RPCRT4.dll
0x00007ffa4b450000 - 0x00007ffa4b484000 	C:\WINDOWS\SYSTEM32\WINMM.dll
0x00007ffa39d70000 - 0x00007ffa39d79000 	C:\WINDOWS\SYSTEM32\WSOCK32.dll
0x00007ffa4f5e0000 - 0x00007ffa4f5ea000 	C:\WINDOWS\SYSTEM32\VERSION.dll
0x00007ffa52610000 - 0x00007ffa52681000 	C:\WINDOWS\System32\WS2_32.dll
0x00007ffa50b30000 - 0x00007ffa50b48000 	C:\WINDOWS\SYSTEM32\kernel.appcore.dll
0x00007ffa1c5b0000 - 0x00007ffa1c5ba000 	C:\Program Files\Android\Android Studio\jbr\bin\jimage.dll
0x00007ffa49a20000 - 0x00007ffa49c53000 	C:\WINDOWS\SYSTEM32\DBGHELP.DLL
0x00007ffa543a0000 - 0x00007ffa54729000 	C:\WINDOWS\System32\combase.dll
0x00007ffa52a20000 - 0x00007ffa52af7000 	C:\WINDOWS\System32\OLEAUT32.dll
0x00007ffa498b0000 - 0x00007ffa498e2000 	C:\WINDOWS\SYSTEM32\dbgcore.DLL
0x00007ffa52320000 - 0x00007ffa5239a000 	C:\WINDOWS\System32\bcryptPrimitives.dll
0x00007ffa0c7f0000 - 0x00007ffa0c815000 	C:\Program Files\Android\Android Studio\jbr\bin\java.dll

dbghelp: loaded successfully - version: 4.0.5 - missing functions: none
symbol engine: initialized successfully - sym options: 0x614 - pdb path: .;C:\Program Files\Android\Android Studio\jbr\bin;C:\WINDOWS\SYSTEM32;C:\WINDOWS\WinSxS\amd64_microsoft.windows.common-controls_6595b64144ccf1df_6.0.22621.2506_none_270c5ae97388e100;C:\Program Files\Android\Android Studio\jbr\bin\server

VM Arguments:
java_command: git4idea.http.GitAskPassApp Username for 'https://github.com': 
java_class_path (initial): C:/Program Files/Android/Android Studio/plugins/vcs-git/lib/git4idea-rt.jar;C:/Program Files/Android/Android Studio/lib/externalProcess-rt.jar;C:/Program Files/Android/Android Studio/lib/app.jar;C:/Program Files/Android/Android Studio/lib/3rd-party-rt.jar
Launcher Type: SUN_STANDARD

[Global flags]
     intx CICompilerCount                          = 4                                         {product} {ergonomic}
     uint ConcGCThreads                            = 3                                         {product} {ergonomic}
     uint G1ConcRefinementThreads                  = 10                                        {product} {ergonomic}
   size_t G1HeapRegionSize                         = 2097152                                   {product} {ergonomic}
    uintx GCDrainStackTargetSize                   = 64                                        {product} {ergonomic}
   size_t InitialHeapSize                          = 266338304                                 {product} {ergonomic}
   size_t MarkStackSize                            = 4194304                                   {product} {ergonomic}
   size_t MaxHeapSize                              = 4248829952                                {product} {ergonomic}
   size_t MinHeapDeltaBytes                        = 2097152                                   {product} {ergonomic}
   size_t MinHeapSize                              = 8388608                                   {product} {ergonomic}
    uintx NonNMethodCodeHeapSize                   = 5839372                                {pd product} {ergonomic}
    uintx NonProfiledCodeHeapSize                  = 122909434                              {pd product} {ergonomic}
    uintx ProfiledCodeHeapSize                     = 122909434                              {pd product} {ergonomic}
    uintx ReservedCodeCacheSize                    = 251658240                              {pd product} {ergonomic}
     bool SegmentedCodeCache                       = true                                      {product} {ergonomic}
   size_t SoftMaxHeapSize                          = 4248829952                             {manageable} {ergonomic}
     bool UseCompressedClassPointers               = true                           {product lp64_product} {ergonomic}
     bool UseCompressedOops                        = true                           {product lp64_product} {ergonomic}
     bool UseG1GC                                  = true                                      {product} {ergonomic}
     bool UseLargePagesIndividualAllocation        = false                                  {pd product} {ergonomic}

Logging:
Log output configuration:
 #0: stdout all=warning uptime,level,tags
 #1: stderr all=off uptime,level,tags

Environment Variables:
JAVA_HOME=C:\Program Files\Android\Android Studio\jbr
PATH=C:\Program Files\Git\mingw64\libexec\git-core;C:\Program Files\Git\mingw64\libexec\git-core;C:\Program Files\Git\mingw64\bin;C:\Program Files\Git\usr\bin;C:\Users\MSI GF63\bin;C:\Program Files\Zulu\zulu-8\bin;C:\Windows\system32;C:\Windows;C:\Windows\System32\Wbem;C:\Windows\System32\WindowsPowerShell\v1.0;C:\Windows\System32\OpenSSH;C:\Program Files (x86)\NVIDIA Corporation\PhysX\Common;C:\Program Files\Git\cmd;D:\Delphi7\Bin;D:\Delphi7\Projects\Bpl;D:\Delphi7\Rave5;C:\Program Files\nodejs;C:\xampp\php;C:\ProgramData\ComposerSetup\bin;C:\Program Files\PuTTY;C:\WINDOWS\system32;C:\WINDOWS;C:\WINDOWS\System32\Wbem;C:\WINDOWS\System32\WindowsPowerShell\v1.0;C:\WINDOWS\System32\OpenSSH;D:\gradle-7.4.2-bin\gradle-7.4.2\bin;C:\Program Files\Gradle\gradle-7.4.2\bin;C:\Program Files\dotnet;C:\Program Files\Go\bin;C:\Program Files\Cloudflare\Cloudflare WARP;C:\Program Files\CMake\bin;C:\Program Files\NVIDIA Corporation\NVIDIA NvDLISR;C:\Users\MSI GF63\AppData\Local\Microsoft\WindowsApps;C:\Users\MSI GF63\AppData\Local\Programs\Microsoft VS Code\bin;C:\flutter\bin;C:\Users\MSI GF63\AppData\Roaming\npm;C:\Users\MSI GF63\AppData\Roaming\Composer\vendor\bin;C:\Users\MSI GF63\AppData\Local\Programs\Python\Python37;C:\flutter\.pub-cache\bin;C:\Users\MSI GF63\AppData\Local\Pub\Cache\bin;C:\flutter\bin\cache\dart-sdk\bin;C:\Users\MSI GF63\.dotnet\tools;C:\Users\MSI GF63\go\bin;C:\Program Files\PostgreSQL\15\bin;D:\PyCharm 2022.3.2\bin;C:\Users\MSI GF63\AppData\Local\GitHubDesktop\bin
USERNAME=MSI GF63
DISPLAY=:0.0
LC_ALL=en_US.UTF-8
TERM=cygwin
TMPDIR=C:\Users\MSIGF6~1\AppData\Local\Temp
OS=Windows_NT
PROCESSOR_IDENTIFIER=Intel64 Family 6 Model 165 Stepping 2, GenuineIntel
TMP=C:\Users\MSIGF6~1\AppData\Local\Temp
TEMP=C:\Users\MSIGF6~1\AppData\Local\Temp


JNI global refs:

[error occurred during error reporting (JNI global references), id 0xc0000005, EXCEPTION_ACCESS_VIOLATION (0xc0000005) at pc=0x00007ff982c37a10]


---------------  S Y S T E M  ---------------

OS:
 Windows 11 , 64 bit Build 22621 (10.0.22621.2506)
OS uptime: 1 days 8:09 hours
Hyper-V role detected

CPU: total 12 (initial active 12) (6 cores per cpu, 2 threads per core) family 6 model 165 stepping 2 microcode 0xe2, cx8, cmov, fxsr, ht, mmx, 3dnowpref, sse, sse2, sse3, ssse3, sse4.1, sse4.2, popcnt, lzcnt, tsc, tscinvbit, avx, avx2, aes, erms, clmul, bmi1, bmi2, adx, fma, vzeroupper, clflush, clflushopt, hv

Memory: 4k page, system-wide physical 16205M (1886M free)
TotalPageFile size 27919M (AvailPageFile size 221M)
current process WorkingSet (physical memory assigned to process): 11M, peak: 11M
current process commit charge ("private bytes"): 64M, peak: 318M

vm_info: OpenJDK 64-Bit Server VM (17.0.6+0-b2043.56-10027231) for windows-amd64 JRE (17.0.6+0-b2043.56-10027231), built on Apr 28 2023 00:43:19 by "androidbuild" with MS VC++ 16.10 / 16.11 (VS2019)

END.
